{"C:\\Users\\patel\\Desktop\\Expense-Manager-Frontend\\src\\Login.jsx": {"path":"C:\\Users\\patel\\Desktop\\Expense-Manager-Frontend\\src\\Login.jsx","statementMap":{"0":{"start":{"line":10,"column":21},"end":{"line":113,"column":null}},"1":{"start":{"line":11,"column":12},"end":{"line":11,"column":null}},"2":{"start":{"line":12,"column":33},"end":{"line":12,"column":null}},"3":{"start":{"line":13,"column":8},"end":{"line":13,"column":null}},"4":{"start":{"line":14,"column":28},"end":{"line":14,"column":null}},"5":{"start":{"line":16,"column":24},"end":{"line":38,"column":null}},"6":{"start":{"line":17,"column":4},"end":{"line":17,"column":null}},"7":{"start":{"line":19,"column":4},"end":{"line":37,"column":null}},"8":{"start":{"line":20,"column":18},"end":{"line":20,"column":null}},"9":{"start":{"line":22,"column":6},"end":{"line":29,"column":null}},"10":{"start":{"line":24,"column":8},"end":{"line":27,"column":null}},"11":{"start":{"line":28,"column":8},"end":{"line":28,"column":null}},"12":{"start":{"line":31,"column":6},"end":{"line":34,"column":null}},"13":{"start":{"line":36,"column":6},"end":{"line":36,"column":null}},"14":{"start":{"line":40,"column":2},"end":{"line":111,"column":null}},"15":{"start":{"line":103,"column":29},"end":{"line":103,"column":null}}},"fnMap":{"0":{"name":"(anonymous_0)","decl":{"start":{"line":10,"column":21},"end":{"line":10,"column":27}},"loc":{"start":{"line":10,"column":27},"end":{"line":113,"column":null}},"line":10},"1":{"name":"(anonymous_1)","decl":{"start":{"line":16,"column":24},"end":{"line":16,"column":31}},"loc":{"start":{"line":16,"column":40},"end":{"line":38,"column":null}},"line":16},"2":{"name":"(anonymous_2)","decl":{"start":{"line":103,"column":23},"end":{"line":103,"column":29}},"loc":{"start":{"line":103,"column":29},"end":{"line":103,"column":null}},"line":103}},"branchMap":{"0":{"loc":{"start":{"line":22,"column":6},"end":{"line":29,"column":null}},"type":"if","locations":[{"start":{"line":22,"column":6},"end":{"line":29,"column":null}},{"start":{},"end":{}}],"line":22},"1":{"loc":{"start":{"line":31,"column":18},"end":{"line":31,"column":67}},"type":"binary-expr","locations":[{"start":{"line":31,"column":18},"end":{"line":31,"column":51}},{"start":{"line":31,"column":51},"end":{"line":31,"column":67}}],"line":31},"2":{"loc":{"start":{"line":90,"column":18},"end":{"line":92,"column":null}},"type":"cond-expr","locations":[{"start":{"line":91,"column":22},"end":{"line":91,"column":null}},{"start":{"line":92,"column":22},"end":{"line":92,"column":null}}],"line":90},"3":{"loc":{"start":{"line":95,"column":15},"end":{"line":95,"column":null}},"type":"cond-expr","locations":[{"start":{"line":95,"column":25},"end":{"line":95,"column":43}},{"start":{"line":95,"column":43},"end":{"line":95,"column":null}}],"line":95}},"s":{"0":1,"1":2,"2":2,"3":2,"4":2,"5":2,"6":0,"7":0,"8":0,"9":0,"10":0,"11":0,"12":0,"13":0,"14":2,"15":0},"f":{"0":2,"1":0,"2":0},"b":{"0":[0,0],"1":[0,0],"2":[0,2],"3":[0,2]},"meta":{"lastBranch":4,"lastFunction":3,"lastStatement":16,"seen":{"s:10:21:113:Infinity":0,"f:10:21:10:27":0,"s:11:12:11:Infinity":1,"s:12:33:12:Infinity":2,"s:13:8:13:Infinity":3,"s:14:28:14:Infinity":4,"s:16:24:38:Infinity":5,"f:16:24:16:31":1,"s:17:4:17:Infinity":6,"s:19:4:37:Infinity":7,"s:20:18:20:Infinity":8,"b:22:6:29:Infinity:undefined:undefined:undefined:undefined":0,"s:22:6:29:Infinity":9,"s:24:8:27:Infinity":10,"s:28:8:28:Infinity":11,"s:31:6:34:Infinity":12,"b:31:18:31:51:31:51:31:67":1,"s:36:6:36:Infinity":13,"s:40:2:111:Infinity":14,"b:91:22:91:Infinity:92:22:92:Infinity":2,"b:95:25:95:43:95:43:95:Infinity":3,"f:103:23:103:29":2,"s:103:29:103:Infinity":15}}}
,"C:\\Users\\patel\\Desktop\\Expense-Manager-Frontend\\src\\components\\Hooks\\PrivateRoutes.jsx": {"path":"C:\\Users\\patel\\Desktop\\Expense-Manager-Frontend\\src\\components\\Hooks\\PrivateRoutes.jsx","statementMap":{"0":{"start":{"line":4,"column":29},"end":{"line":11,"column":null}},"1":{"start":{"line":5,"column":20},"end":{"line":5,"column":null}},"2":{"start":{"line":7,"column":1},"end":{"line":7,"column":null}},"3":{"start":{"line":7,"column":13},"end":{"line":7,"column":null}},"4":{"start":{"line":8,"column":1},"end":{"line":8,"column":null}},"5":{"start":{"line":8,"column":11},"end":{"line":8,"column":null}},"6":{"start":{"line":10,"column":1},"end":{"line":10,"column":null}}},"fnMap":{"0":{"name":"(anonymous_0)","decl":{"start":{"line":4,"column":29},"end":{"line":4,"column":35}},"loc":{"start":{"line":4,"column":35},"end":{"line":11,"column":null}},"line":4}},"branchMap":{"0":{"loc":{"start":{"line":7,"column":1},"end":{"line":7,"column":null}},"type":"if","locations":[{"start":{"line":7,"column":1},"end":{"line":7,"column":null}},{"start":{},"end":{}}],"line":7},"1":{"loc":{"start":{"line":8,"column":1},"end":{"line":8,"column":null}},"type":"if","locations":[{"start":{"line":8,"column":1},"end":{"line":8,"column":null}},{"start":{},"end":{}}],"line":8}},"s":{"0":1,"1":2,"2":2,"3":1,"4":1,"5":1,"6":0},"f":{"0":2},"b":{"0":[1,1],"1":[1,0]},"meta":{"lastBranch":2,"lastFunction":1,"lastStatement":7,"seen":{"s:4:29:11:Infinity":0,"f:4:29:4:35":0,"s:5:20:5:Infinity":1,"b:7:1:7:Infinity:undefined:undefined:undefined:undefined":0,"s:7:1:7:Infinity":2,"s:7:13:7:Infinity":3,"b:8:1:8:Infinity:undefined:undefined:undefined:undefined":1,"s:8:1:8:Infinity":4,"s:8:11:8:Infinity":5,"s:10:1:10:Infinity":6}}}
,"C:\\Users\\patel\\Desktop\\Expense-Manager-Frontend\\src\\components\\User\\UserDashboard.jsx": {"path":"C:\\Users\\patel\\Desktop\\Expense-Manager-Frontend\\src\\components\\User\\UserDashboard.jsx","statementMap":{"0":{"start":{"line":17,"column":29},"end":{"line":189,"column":null}},"1":{"start":{"line":18,"column":26},"end":{"line":18,"column":null}},"2":{"start":{"line":19,"column":26},"end":{"line":19,"column":null}},"3":{"start":{"line":20,"column":30},"end":{"line":20,"column":null}},"4":{"start":{"line":21,"column":24},"end":{"line":21,"column":null}},"5":{"start":{"line":22,"column":32},"end":{"line":22,"column":null}},"6":{"start":{"line":23,"column":38},"end":{"line":23,"column":null}},"7":{"start":{"line":25,"column":17},"end":{"line":25,"column":null}},"8":{"start":{"line":26,"column":15},"end":{"line":26,"column":null}},"9":{"start":{"line":27,"column":17},"end":{"line":27,"column":null}},"10":{"start":{"line":29,"column":2},"end":{"line":59,"column":null}},"11":{"start":{"line":30,"column":22},"end":{"line":57,"column":null}},"12":{"start":{"line":31,"column":6},"end":{"line":56,"column":null}},"13":{"start":{"line":39,"column":12},"end":{"line":46,"column":null}},"14":{"start":{"line":48,"column":8},"end":{"line":48,"column":null}},"15":{"start":{"line":49,"column":8},"end":{"line":49,"column":null}},"16":{"start":{"line":50,"column":8},"end":{"line":50,"column":null}},"17":{"start":{"line":51,"column":8},"end":{"line":51,"column":null}},"18":{"start":{"line":52,"column":8},"end":{"line":52,"column":null}},"19":{"start":{"line":53,"column":8},"end":{"line":53,"column":null}},"20":{"start":{"line":55,"column":8},"end":{"line":55,"column":null}},"21":{"start":{"line":58,"column":4},"end":{"line":58,"column":null}},"22":{"start":{"line":61,"column":22},"end":{"line":61,"column":null}},"23":{"start":{"line":61,"column":46},"end":{"line":61,"column":60}},"24":{"start":{"line":62,"column":22},"end":{"line":62,"column":null}},"25":{"start":{"line":62,"column":46},"end":{"line":62,"column":60}},"26":{"start":{"line":63,"column":24},"end":{"line":63,"column":null}},"27":{"start":{"line":63,"column":50},"end":{"line":63,"column":64}},"28":{"start":{"line":65,"column":2},"end":{"line":187,"column":null}},"29":{"start":{"line":94,"column":10},"end":{"line":104,"column":null}},"30":{"start":{"line":156,"column":43},"end":{"line":159,"column":18}},"31":{"start":{"line":167,"column":18},"end":{"line":167,"column":null}}},"fnMap":{"0":{"name":"(anonymous_0)","decl":{"start":{"line":17,"column":29},"end":{"line":17,"column":35}},"loc":{"start":{"line":17,"column":35},"end":{"line":189,"column":null}},"line":17},"1":{"name":"(anonymous_1)","decl":{"start":{"line":29,"column":12},"end":{"line":29,"column":18}},"loc":{"start":{"line":29,"column":18},"end":{"line":59,"column":5}},"line":29},"2":{"name":"(anonymous_2)","decl":{"start":{"line":30,"column":22},"end":{"line":30,"column":34}},"loc":{"start":{"line":30,"column":34},"end":{"line":57,"column":null}},"line":30},"3":{"name":"(anonymous_3)","decl":{"start":{"line":61,"column":36},"end":{"line":61,"column":37}},"loc":{"start":{"line":61,"column":46},"end":{"line":61,"column":60}},"line":61},"4":{"name":"(anonymous_4)","decl":{"start":{"line":62,"column":36},"end":{"line":62,"column":37}},"loc":{"start":{"line":62,"column":46},"end":{"line":62,"column":60}},"line":62},"5":{"name":"(anonymous_5)","decl":{"start":{"line":63,"column":40},"end":{"line":63,"column":41}},"loc":{"start":{"line":63,"column":50},"end":{"line":63,"column":64}},"line":63},"6":{"name":"(anonymous_6)","decl":{"start":{"line":93,"column":14},"end":{"line":93,"column":15}},"loc":{"start":{"line":94,"column":10},"end":{"line":104,"column":null}},"line":94},"7":{"name":"(anonymous_7)","decl":{"start":{"line":156,"column":35},"end":{"line":156,"column":36}},"loc":{"start":{"line":156,"column":43},"end":{"line":159,"column":18}},"line":156},"8":{"name":"(anonymous_8)","decl":{"start":{"line":166,"column":30},"end":{"line":166,"column":31}},"loc":{"start":{"line":167,"column":18},"end":{"line":167,"column":null}},"line":167}},"branchMap":{},"s":{"0":1,"1":3,"2":3,"3":3,"4":3,"5":3,"6":3,"7":3,"8":3,"9":3,"10":3,"11":1,"12":1,"13":1,"14":1,"15":1,"16":1,"17":1,"18":1,"19":1,"20":0,"21":1,"22":3,"23":0,"24":3,"25":0,"26":3,"27":0,"28":3,"29":9,"30":0,"31":0},"f":{"0":3,"1":1,"2":1,"3":0,"4":0,"5":0,"6":9,"7":0,"8":0},"b":{},"meta":{"lastBranch":0,"lastFunction":9,"lastStatement":32,"seen":{"s:17:29:189:Infinity":0,"f:17:29:17:35":0,"s:18:26:18:Infinity":1,"s:19:26:19:Infinity":2,"s:20:30:20:Infinity":3,"s:21:24:21:Infinity":4,"s:22:32:22:Infinity":5,"s:23:38:23:Infinity":6,"s:25:17:25:Infinity":7,"s:26:15:26:Infinity":8,"s:27:17:27:Infinity":9,"s:29:2:59:Infinity":10,"f:29:12:29:18":1,"s:30:22:57:Infinity":11,"f:30:22:30:34":2,"s:31:6:56:Infinity":12,"s:39:12:46:Infinity":13,"s:48:8:48:Infinity":14,"s:49:8:49:Infinity":15,"s:50:8:50:Infinity":16,"s:51:8:51:Infinity":17,"s:52:8:52:Infinity":18,"s:53:8:53:Infinity":19,"s:55:8:55:Infinity":20,"s:58:4:58:Infinity":21,"s:61:22:61:Infinity":22,"f:61:36:61:37":3,"s:61:46:61:60":23,"s:62:22:62:Infinity":24,"f:62:36:62:37":4,"s:62:46:62:60":25,"s:63:24:63:Infinity":26,"f:63:40:63:41":5,"s:63:50:63:64":27,"s:65:2:187:Infinity":28,"f:93:14:93:15":6,"s:94:10:104:Infinity":29,"f:156:35:156:36":7,"s:156:43:159:18":30,"f:166:30:166:31":8,"s:167:18:167:Infinity":31}}}
,"C:\\Users\\patel\\Desktop\\Expense-Manager-Frontend\\src\\components\\Utils\\Logout.js": {"path":"C:\\Users\\patel\\Desktop\\Expense-Manager-Frontend\\src\\components\\Utils\\Logout.js","statementMap":{"0":{"start":{"line":2,"column":22},"end":{"line":7,"column":3}},"1":{"start":{"line":3,"column":4},"end":{"line":3,"column":34}},"2":{"start":{"line":4,"column":4},"end":{"line":4,"column":36}},"3":{"start":{"line":5,"column":4},"end":{"line":5,"column":37}},"4":{"start":{"line":6,"column":4},"end":{"line":6,"column":36}},"5":{"start":{"line":7,"column":4},"end":{"line":7,"column":null}}},"fnMap":{"0":{"name":"(anonymous_0)","decl":{"start":{"line":2,"column":22},"end":{"line":2,"column":23}},"loc":{"start":{"line":2,"column":28},"end":{"line":7,"column":3}},"line":2},"1":{"name":"(anonymous_1)","decl":{"start":{"line":7,"column":4},"end":{"line":7,"column":null}},"loc":{"start":{"line":7,"column":4},"end":{"line":7,"column":null}},"line":7}},"branchMap":{},"s":{"0":1,"1":1,"2":1,"3":1,"4":1,"5":1},"f":{"0":1,"1":1},"b":{},"meta":{"lastBranch":0,"lastFunction":2,"lastStatement":6,"seen":{"s:2:22:7:3":0,"f:2:22:2:23":0,"s:3:4:3:34":1,"s:4:4:4:36":2,"s:5:4:5:37":3,"s:6:4:6:36":4,"s:7:4:7:Infinity":5,"f:7:4:7:Infinity":1}}}
,"C:\\Users\\patel\\Desktop\\Expense-Manager-Frontend\\src\\components\\Utils\\axiosInstance.js": {"path":"C:\\Users\\patel\\Desktop\\Expense-Manager-Frontend\\src\\components\\Utils\\axiosInstance.js","statementMap":{"0":{"start":{"line":4,"column":22},"end":{"line":9,"column":2}},"1":{"start":{"line":12,"column":0},"end":{"line":21,"column":2}},"2":{"start":{"line":14,"column":18},"end":{"line":14,"column":47}},"3":{"start":{"line":15,"column":4},"end":{"line":17,"column":5}},"4":{"start":{"line":16,"column":6},"end":{"line":16,"column":55}},"5":{"start":{"line":18,"column":4},"end":{"line":18,"column":18}},"6":{"start":{"line":20,"column":13},"end":{"line":20,"column":34}}},"fnMap":{"0":{"name":"(anonymous_0)","decl":{"start":{"line":13,"column":2},"end":{"line":13,"column":3}},"loc":{"start":{"line":13,"column":14},"end":{"line":19,"column":3}},"line":13},"1":{"name":"(anonymous_1)","decl":{"start":{"line":20,"column":2},"end":{"line":20,"column":3}},"loc":{"start":{"line":20,"column":13},"end":{"line":20,"column":34}},"line":20}},"branchMap":{"0":{"loc":{"start":{"line":15,"column":4},"end":{"line":17,"column":5}},"type":"if","locations":[{"start":{"line":15,"column":4},"end":{"line":17,"column":5}},{"start":{},"end":{}}],"line":15}},"s":{"0":1,"1":1,"2":0,"3":0,"4":0,"5":0,"6":0},"f":{"0":0,"1":0},"b":{"0":[0,0]},"meta":{"lastBranch":1,"lastFunction":2,"lastStatement":7,"seen":{"s:4:22:9:2":0,"s:12:0:21:2":1,"f:13:2:13:3":0,"s:14:18:14:47":2,"b:15:4:17:5:undefined:undefined:undefined:undefined":0,"s:15:4:17:5":3,"s:16:6:16:55":4,"s:18:4:18:18":5,"f:20:2:20:3":1,"s:20:13:20:34":6}}}
,"C:\\Users\\patel\\Desktop\\Expense-Manager-Frontend\\src\\context\\AuthContext.jsx": {"path":"C:\\Users\\patel\\Desktop\\Expense-Manager-Frontend\\src\\context\\AuthContext.jsx","statementMap":{"0":{"start":{"line":5,"column":6},"end":{"line":5,"column":null}},"1":{"start":{"line":7,"column":28},"end":{"line":60,"column":null}},"2":{"start":{"line":8,"column":8},"end":{"line":8,"column":null}},"3":{"start":{"line":10,"column":22},"end":{"line":10,"column":null}},"4":{"start":{"line":11,"column":24},"end":{"line":11,"column":null}},"5":{"start":{"line":12,"column":28},"end":{"line":12,"column":null}},"6":{"start":{"line":15,"column":2},"end":{"line":25,"column":null}},"7":{"start":{"line":16,"column":24},"end":{"line":16,"column":null}},"8":{"start":{"line":17,"column":23},"end":{"line":17,"column":null}},"9":{"start":{"line":19,"column":4},"end":{"line":22,"column":null}},"10":{"start":{"line":20,"column":8},"end":{"line":20,"column":null}},"11":{"start":{"line":21,"column":8},"end":{"line":21,"column":null}},"12":{"start":{"line":24,"column":4},"end":{"line":24,"column":null}},"13":{"start":{"line":27,"column":18},"end":{"line":42,"column":null}},"14":{"start":{"line":28,"column":29},"end":{"line":28,"column":null}},"15":{"start":{"line":30,"column":8},"end":{"line":30,"column":null}},"16":{"start":{"line":31,"column":8},"end":{"line":31,"column":null}},"17":{"start":{"line":33,"column":8},"end":{"line":33,"column":null}},"18":{"start":{"line":34,"column":8},"end":{"line":34,"column":null}},"19":{"start":{"line":37,"column":8},"end":{"line":41,"column":null}},"20":{"start":{"line":38,"column":12},"end":{"line":38,"column":null}},"21":{"start":{"line":40,"column":12},"end":{"line":40,"column":null}},"22":{"start":{"line":44,"column":19},"end":{"line":52,"column":null}},"23":{"start":{"line":45,"column":8},"end":{"line":45,"column":null}},"24":{"start":{"line":46,"column":8},"end":{"line":46,"column":null}},"25":{"start":{"line":48,"column":8},"end":{"line":48,"column":null}},"26":{"start":{"line":49,"column":8},"end":{"line":49,"column":null}},"27":{"start":{"line":51,"column":8},"end":{"line":51,"column":null}},"28":{"start":{"line":54,"column":4},"end":{"line":57,"column":null}},"29":{"start":{"line":62,"column":23},"end":{"line":64,"column":null}},"30":{"start":{"line":63,"column":4},"end":{"line":63,"column":null}}},"fnMap":{"0":{"name":"(anonymous_0)","decl":{"start":{"line":7,"column":28},"end":{"line":7,"column":29}},"loc":{"start":{"line":7,"column":44},"end":{"line":60,"column":null}},"line":7},"1":{"name":"(anonymous_1)","decl":{"start":{"line":15,"column":12},"end":{"line":15,"column":18}},"loc":{"start":{"line":15,"column":18},"end":{"line":25,"column":7}},"line":15},"2":{"name":"(anonymous_2)","decl":{"start":{"line":27,"column":18},"end":{"line":27,"column":19}},"loc":{"start":{"line":27,"column":36},"end":{"line":42,"column":null}},"line":27},"3":{"name":"(anonymous_3)","decl":{"start":{"line":44,"column":19},"end":{"line":44,"column":25}},"loc":{"start":{"line":44,"column":25},"end":{"line":52,"column":null}},"line":44},"4":{"name":"(anonymous_4)","decl":{"start":{"line":62,"column":23},"end":{"line":62,"column":29}},"loc":{"start":{"line":62,"column":29},"end":{"line":64,"column":null}},"line":62}},"branchMap":{"0":{"loc":{"start":{"line":19,"column":4},"end":{"line":22,"column":null}},"type":"if","locations":[{"start":{"line":19,"column":4},"end":{"line":22,"column":null}},{"start":{},"end":{}}],"line":19},"1":{"loc":{"start":{"line":19,"column":7},"end":{"line":19,"column":34}},"type":"binary-expr","locations":[{"start":{"line":19,"column":7},"end":{"line":19,"column":22}},{"start":{"line":19,"column":22},"end":{"line":19,"column":34}}],"line":19},"2":{"loc":{"start":{"line":37,"column":8},"end":{"line":41,"column":null}},"type":"if","locations":[{"start":{"line":37,"column":8},"end":{"line":41,"column":null}},{"start":{"line":39,"column":14},"end":{"line":41,"column":null}}],"line":37}},"s":{"0":3,"1":3,"2":7,"3":7,"4":7,"5":7,"6":7,"7":3,"8":3,"9":3,"10":0,"11":0,"12":3,"13":7,"14":0,"15":0,"16":0,"17":0,"18":0,"19":0,"20":0,"21":0,"22":7,"23":0,"24":0,"25":0,"26":0,"27":0,"28":7,"29":3,"30":7},"f":{"0":7,"1":3,"2":0,"3":0,"4":7},"b":{"0":[0,3],"1":[3,0],"2":[0,0]},"meta":{"lastBranch":3,"lastFunction":5,"lastStatement":31,"seen":{"s:5:6:5:Infinity":0,"s:7:28:60:Infinity":1,"f:7:28:7:29":0,"s:8:8:8:Infinity":2,"s:10:22:10:Infinity":3,"s:11:24:11:Infinity":4,"s:12:28:12:Infinity":5,"s:15:2:25:Infinity":6,"f:15:12:15:18":1,"s:16:24:16:Infinity":7,"s:17:23:17:Infinity":8,"b:19:4:22:Infinity:undefined:undefined:undefined:undefined":0,"s:19:4:22:Infinity":9,"b:19:7:19:22:19:22:19:34":1,"s:20:8:20:Infinity":10,"s:21:8:21:Infinity":11,"s:24:4:24:Infinity":12,"s:27:18:42:Infinity":13,"f:27:18:27:19":2,"s:28:29:28:Infinity":14,"s:30:8:30:Infinity":15,"s:31:8:31:Infinity":16,"s:33:8:33:Infinity":17,"s:34:8:34:Infinity":18,"b:37:8:41:Infinity:39:14:41:Infinity":2,"s:37:8:41:Infinity":19,"s:38:12:38:Infinity":20,"s:40:12:40:Infinity":21,"s:44:19:52:Infinity":22,"f:44:19:44:25":3,"s:45:8:45:Infinity":23,"s:46:8:46:Infinity":24,"s:48:8:48:Infinity":25,"s:49:8:49:Infinity":26,"s:51:8:51:Infinity":27,"s:54:4:57:Infinity":28,"s:62:23:64:Infinity":29,"f:62:23:62:29":4,"s:63:4:63:Infinity":30}}}
}
